workspacePinochleMyWay/PinochleMyWay/proguard/seeds.txt
android.support.v4.view.ViewPager$PagerObserver
android.support.v4.view.ViewPager$PagerObserver: android.support.v4.view.ViewPager this$0
android.support.v4.view.ViewPager$PagerObserver: ViewPager$PagerObserver(android.support.v4.view.ViewPager)
android.support.v4.view.ViewPager$PagerObserver: void onChanged()
android.support.v4.view.ViewPager$PagerObserver: void onInvalidated()
android.support.v4.view.ViewPager$PagerObserver: ViewPager$PagerObserver(android.support.v4.view.ViewPager,android.support.v4.view.ViewPager$1)
android.support.v4.view.ViewPager$SavedState
android.support.v4.view.ViewPager$SavedState: int position
android.support.v4.view.ViewPager$SavedState: android.os.Parcelable adapterState
android.support.v4.view.ViewPager$SavedState: java.lang.ClassLoader loader
android.support.v4.view.ViewPager$SavedState: android.os.Parcelable$Creator CREATOR
android.support.v4.view.ViewPager$SavedState: ViewPager$SavedState(android.os.Parcelable)
android.support.v4.view.ViewPager$SavedState: void writeToParcel(android.os.Parcel,int)
android.support.v4.view.ViewPager$SavedState: java.lang.String toString()
android.support.v4.view.ViewPager$SavedState: ViewPager$SavedState(android.os.Parcel,java.lang.ClassLoader)
android.support.v4.view.ViewPager$SavedState: void <clinit>()
android.support.v4.view.ViewPager$SavedState$1
android.support.v4.view.ViewPager$SavedState$1: ViewPager$SavedState$1()
android.support.v4.view.ViewPager$SavedState$1: android.support.v4.view.ViewPager$SavedState createFromParcel(android.os.Parcel,java.lang.ClassLoader)
android.support.v4.view.ViewPager$SavedState$1: android.support.v4.view.ViewPager$SavedState[] newArray(int)
android.support.v4.view.ViewPager$SavedState$1: java.lang.Object[] newArray(int)
android.support.v4.view.ViewPager$SavedState$1: java.lang.Object createFromParcel(android.os.Parcel,java.lang.ClassLoader)
android.support.v4.view.ViewPager$SimpleOnPageChangeListener
android.support.v4.view.ViewPager$SimpleOnPageChangeListener: ViewPager$SimpleOnPageChangeListener()
android.support.v4.view.ViewPager$SimpleOnPageChangeListener: void onPageScrolled(int,float,int)
android.support.v4.view.ViewPager$SimpleOnPageChangeListener: void onPageSelected(int)
android.support.v4.view.ViewPager$SimpleOnPageChangeListener: void onPageScrollStateChanged(int)
android.support.v4.view.ViewPager$ViewPositionComparator
android.support.v4.view.ViewPager$ViewPositionComparator: ViewPager$ViewPositionComparator()
android.support.v4.view.ViewPager$ViewPositionComparator: int compare(android.view.View,android.view.View)
android.support.v4.view.ViewPager$ViewPositionComparator: int compare(java.lang.Object,java.lang.Object)
android.support.v4.view.ViewParentCompat
android.support.v4.view.ViewParentCompat: android.support.v4.view.ViewParentCompat$ViewParentCompatImpl IMPL
android.support.v4.view.ViewParentCompat: ViewParentCompat()
android.support.v4.view.ViewParentCompat: boolean requestSendAccessibilityEvent(android.view.ViewParent,android.view.View,android.view.accessibility.AccessibilityEvent)
android.support.v4.view.ViewParentCompat: void <clinit>()
android.support.v4.view.ViewParentCompat$ViewParentCompatICSImpl
android.support.v4.view.ViewParentCompat$ViewParentCompatICSImpl: ViewParentCompat$ViewParentCompatICSImpl()
android.support.v4.view.ViewParentCompat$ViewParentCompatICSImpl: boolean requestSendAccessibilityEvent(android.view.ViewParent,android.view.View,android.view.accessibility.AccessibilityEvent)
android.support.v4.view.ViewParentCompat$ViewParentCompatImpl
android.support.v4.view.ViewParentCompat$ViewParentCompatImpl: boolean requestSendAccessibilityEvent(android.view.ViewParent,android.view.View,android.view.accessibility.AccessibilityEvent)