workspacePinochleMyWay/PinochleMyWay/proguard/mapping.txt
android.support.v4.app.LoaderManagerImpl$LoaderInfo -> android.support.v4.app.LoaderManagerImpl$LoaderInfo:
    int mId -> mId
    android.os.Bundle mArgs -> mArgs
    android.support.v4.app.LoaderManager$LoaderCallbacks mCallbacks -> mCallbacks
    android.support.v4.content.Loader mLoader -> mLoader
    boolean mHaveData -> mHaveData
    boolean mDeliveredData -> mDeliveredData
    java.lang.Object mData -> mData
    boolean mStarted -> mStarted
    boolean mRetaining -> mRetaining
    boolean mRetainingStarted -> mRetainingStarted
    boolean mReportNextStart -> mReportNextStart
    boolean mDestroyed -> mDestroyed
    boolean mListenerRegistered -> mListenerRegistered
    android.support.v4.app.LoaderManagerImpl$LoaderInfo mPendingLoader -> mPendingLoader
    android.support.v4.app.LoaderManagerImpl this$0 -> this$0
    void start() -> start
    void retain() -> retain
    void finishRetain() -> finishRetain
    void reportStart() -> reportStart
    void stop() -> stop
    void destroy() -> destroy
    void onLoadComplete(android.support.v4.content.Loader,java.lang.Object) -> onLoadComplete
    void callOnLoadFinished(android.support.v4.content.Loader,java.lang.Object) -> callOnLoadFinished
    java.lang.String toString() -> toString
    void dump(java.lang.String,java.io.FileDescriptor,java.io.PrintWriter,java.lang.String[]) -> dump
android.support.v4.app.NavUtils -> android.support.v4.app.NavUtils:
    java.lang.String TAG -> TAG
    java.lang.String PARENT_ACTIVITY -> PARENT_ACTIVITY
    android.support.v4.app.NavUtils$NavUtilsImpl IMPL -> IMPL
    boolean shouldUpRecreateTask(android.app.Activity,android.content.Intent) -> shouldUpRecreateTask
    void navigateUpFromSameTask(android.app.Activity) -> navigateUpFromSameTask
    void navigateUpTo(android.app.Activity,android.content.Intent) -> navigateUpTo
    android.content.Intent getParentActivityIntent(android.app.Activity) -> getParentActivityIntent
    android.content.Intent getParentActivityIntent(android.content.Context,java.lang.Class) -> getParentActivityIntent
    android.content.Intent getParentActivityIntent(android.content.Context,android.content.ComponentName) -> getParentActivityIntent
    java.lang.String getParentActivityName(android.app.Activity) -> getParentActivityName
    java.lang.String getParentActivityName(android.content.Context,android.content.ComponentName) -> getParentActivityName
android.support.v4.app.NavUtils$NavUtilsImpl -> android.support.v4.app.NavUtils$NavUtilsImpl:
    android.content.Intent getParentActivityIntent(android.app.Activity) -> getParentActivityIntent
    boolean shouldUpRecreateTask(android.app.Activity,android.content.Intent) -> shouldUpRecreateTask
    void navigateUpTo(android.app.Activity,android.content.Intent) -> navigateUpTo
    java.lang.String getParentActivityName(android.content.Context,android.content.pm.ActivityInfo) -> getParentActivityName
android.support.v4.app.NavUtils$NavUtilsImplBase -> android.support.v4.app.NavUtils$NavUtilsImplBase:
    android.content.Intent getParentActivityIntent(android.app.Activity) -> getParentActivityIntent
    boolean shouldUpRecreateTask(android.app.Activity,android.content.Intent) -> shouldUpRecreateTask
    void navigateUpTo(android.app.Activity,android.content.Intent) -> navigateUpTo
    java.lang.String getParentActivityName(android.content.Context,android.content.pm.ActivityInfo) -> getParentActivityName